Flutter crash report.
Please report a bug at https://github.com/flutter/flutter/issues.

## command

flutter --quiet assemble --no-version-check --depfile C:\Users\USER\Desktop\UFS Flutter\breffini_student\briffini_app\build\app\intermediates\flutter\debug/flutter_build.d --output C:\Users\USER\Desktop\UFS Flutter\breffini_student\briffini_app\build\app\intermediates\flutter\debug -dTargetFile=C:\Users\USER\Desktop\UFS Flutter\breffini_student\briffini_app\lib\main.dart -dTargetPlatform=android -dBuildMode=debug -dTrackWidgetCreation=true --DartDefines=RkxVVFRFUl9XRUJfQ0FOVkFTS0lUX1VSTD1odHRwczovL3d3dy5nc3RhdGljLmNvbS9mbHV0dGVyLWNhbnZhc2tpdC8yMzVkYjkxMWJhMjc5NzIyZjVlNjg1ZjM4YjBlZDMwZmE3ZTg1NzBhLw== -dFlavor= -dAndroidArchs=android-arm64 -dMinSdkVersion=23 debug_android_application

## exception

FileSystemException: FileSystemException: Cannot resolve symbolic links, path = 'C:\Users\USER\Desktop\UFS Flutter\breffini_student\briffini_app\build\app\intermediates\flutter\debug' (OS Error: The system cannot find the file specified.
, errno = 2)

```
#0      FileSystemEntity._throwIfError (dart:io/file_system_entity.dart:826:7)
#1      FileSystemEntity.resolveSymbolicLinksSync (dart:io/file_system_entity.dart:357:5)
#2      ForwardingFileSystemEntity.resolveSymbolicLinksSync (package:file/src/forwarding/forwarding_file_system_entity.dart:56:49)
#3      ForwardingFileSystemEntity.resolveSymbolicLinksSync (package:file/src/forwarding/forwarding_file_system_entity.dart:56:49)
#4      SourceVisitor.visitPattern (package:flutter_tools/src/build_system/source.dart:116:67)
#5      _PatternSource.accept (package:flutter_tools/src/build_system/source.dart:255:49)
#6      Target._resolveConfiguration (package:flutter_tools/src/build_system/build_system.dart:264:14)
#7      Target.resolveOutputs (package:flutter_tools/src/build_system/build_system.dart:217:12)
#8      Target._toNode (package:flutter_tools/src/build_system/build_system.dart:160:39)
#9      FlutterBuildSystem.build (package:flutter_tools/src/build_system/build_system.dart:631:30)
#10     AssembleCommand.runCommand (package:flutter_tools/src/commands/assemble.dart:322:51)
#11     FlutterCommand.verifyThenRunCommand (package:flutter_tools/src/runner/flutter_command.dart:1758:12)
<asynchronous suspension>
#12     FlutterCommand.run.<anonymous closure> (package:flutter_tools/src/runner/flutter_command.dart:1394:27)
<asynchronous suspension>
#13     AppContext.run.<anonymous closure> (package:flutter_tools/src/base/context.dart:153:19)
<asynchronous suspension>
#14     CommandRunner.runCommand (package:args/command_runner.dart:212:13)
<asynchronous suspension>
#15     FlutterCommandRunner.runCommand.<anonymous closure> (package:flutter_tools/src/runner/flutter_command_runner.dart:372:9)
<asynchronous suspension>
#16     AppContext.run.<anonymous closure> (package:flutter_tools/src/base/context.dart:153:19)
<asynchronous suspension>
#17     FlutterCommandRunner.runCommand (package:flutter_tools/src/runner/flutter_command_runner.dart:308:5)
<asynchronous suspension>
#18     run.<anonymous closure>.<anonymous closure> (package:flutter_tools/runner.dart:130:9)
<asynchronous suspension>
#19     AppContext.run.<anonymous closure> (package:flutter_tools/src/base/context.dart:153:19)
<asynchronous suspension>
#20     main (package:flutter_tools/executable.dart:93:3)
<asynchronous suspension>
```

## flutter doctor

```
[✓] Flutter (Channel stable, 3.22.3, on Microsoft Windows [Version 10.0.19045.4780], locale en-IN)
    • Flutter version 3.22.3 on channel stable at C:\Flutter\flutter
    • Upstream repository https://github.com/flutter/flutter.git
    • Framework revision b0850beeb2 (6 weeks ago), 2024-07-16 21:43:41 -0700
    • Engine revision 235db911ba
    • Dart version 3.4.4
    • DevTools version 2.34.3

[✓] Windows Version (Installed version of Windows is version 10 or higher)

[✓] Android toolchain - develop for Android devices (Android SDK version 34.0.0)
    • Android SDK at C:\Users\USER\AppData\Local\Android\sdk
    • Platform android-34, build-tools 34.0.0
    • Java binary at: C:\Program Files\Android\Android Studio\jbr\bin\java
    • Java version OpenJDK Runtime Environment (build 17.0.9+0--11185874)
    • All Android licenses accepted.

[✓] Chrome - develop for the web
    • Chrome at C:\Program Files\Google\Chrome\Application\chrome.exe

[✓] Visual Studio - develop Windows apps (Visual Studio Build Tools 2019 16.11.35)
    • Visual Studio at C:\Program Files (x86)\Microsoft Visual Studio\2019\BuildTools
    • Visual Studio Build Tools 2019 version 16.11.34729.46
    • Windows 10 SDK version 10.0.19041.0

[✓] Android Studio (version 2023.2)
    • Android Studio at C:\Program Files\Android\Android Studio
    • Flutter plugin can be installed from:
      🔨 https://plugins.jetbrains.com/plugin/9212-flutter
    • Dart plugin can be installed from:
      🔨 https://plugins.jetbrains.com/plugin/6351-dart
    • Java version OpenJDK Runtime Environment (build 17.0.9+0--11185874)

[✓] VS Code (version 1.92.2)
    • VS Code at C:\Users\USER\AppData\Local\Programs\Microsoft VS Code
    • Flutter extension version 3.94.0

[✓] Connected device (4 available)
    • RMX2170 (mobile)  • d2c4f063 • android-arm64  • Android 12 (API 31)
    • Windows (desktop) • windows  • windows-x64    • Microsoft Windows [Version 10.0.19045.4780]
    • Chrome (web)      • chrome   • web-javascript • Google Chrome 127.0.6533.99
    • Edge (web)        • edge     • web-javascript • Microsoft Edge 128.0.2739.42

[✓] Network resources
    • All expected network resources are available.

• No issues found!
```
