Flutter crash report.
Please report a bug at https://github.com/flutter/flutter/issues.

## command

flutter run

## exception

OutOfMemoryError: Out of Memory

```
#0      new Uint8List (dart:typed_data-patch/typed_data_patch.dart:2237:3)
#1      Uint8Buffer._createBuffer (package:typed_data/src/typed_buffer.dart:328:40)
#2      TypedDataBuffer._createBiggerBuffer (package:typed_data/src/typed_buffer.dart:259:12)
#3      TypedDataBuffer._ensureCapacity (package:typed_data/src/typed_buffer.dart:241:21)
#4      TypedDataBuffer._insertKnownLength (package:typed_data/src/typed_buffer.dart:209:5)
#5      TypedDataBuffer._addAll (package:typed_data/src/typed_buffer.dart:186:7)
#6      TypedDataBuffer.addAll (package:typed_data/src/typed_buffer.dart:91:5)
#7      HashSink.add (package:crypto/src/hash_sink.dart:79:18)
#8      _ByteAdapterSink.add (dart:convert/byte_conversion.dart:49:11)
#9      Hash.convert (package:crypto/src/hash.dart:28:15)
#10     _calculateSha (package:flutter_tools/src/android/gradle.dart:886:20)
#11     AndroidGradleBuilder.buildGradleApp (package:flutter_tools/src/android/gradle.dart:572:36)
#12     _rootRunUnary (dart:async/zone.dart:1407:47)
#13     _FutureListener.handleValue (dart:async/future_impl.dart:162:18)
#14     Future._propagateToListeners.handleValueCallback (dart:async/future_impl.dart:846:45)
#15     Future._propagateToListeners (dart:async/future_impl.dart:875:13)
#16     Future._completeWithValue (dart:async/future_impl.dart:647:5)
#17     Future._asyncCompleteWithValue.<anonymous closure> (dart:async/future_impl.dart:721:7)
#18     _rootRun (dart:async/zone.dart:1399:13)
#19     _CustomZone.runGuarded (dart:async/zone.dart:1209:7)
#20     _CustomZone.bindCallbackGuarded.<anonymous closure> (dart:async/zone.dart:1249:23)
#21     _microtaskLoop (dart:async/schedule_microtask.dart:40:21)
#22     _startMicrotaskLoop (dart:async/schedule_microtask.dart:49:5)
#23     _RawReceivePort._handleMessage (dart:isolate-patch/isolate_patch.dart:185:5)
```

## flutter doctor

```
[32m[✓][39m Flutter (Channel stable, 3.16.0, on Microsoft Windows [Version 10.0.19045.4529], locale en-US)
    [32m•[39m Flutter version 3.16.0 on channel stable at D:\flutter
    [32m•[39m Upstream repository https://github.com/flutter/flutter.git
    [32m•[39m Framework revision db7ef5bf9f (8 months ago), 2023-11-15 11:25:44 -0800
    [32m•[39m Engine revision 74d16627b9
    [32m•[39m Dart version 3.2.0
    [32m•[39m DevTools version 2.28.2

[32m[✓][39m Windows Version (Installed version of Windows is version 10 or higher)

[32m[✓][39m Android toolchain - develop for Android devices (Android SDK version 34.0.0)
    [32m•[39m Android SDK at C:\Users\USER\AppData\Local\Android\sdk
    [32m•[39m Platform android-34-ext11, build-tools 34.0.0
    [32m•[39m Java binary at: C:\Program Files\Java\jdk-17\bin\java
    [32m•[39m Java version Java(TM) SE Runtime Environment (build 17.0.11+7-LTS-207)
    [32m•[39m All Android licenses accepted.

[32m[✓][39m Chrome - develop for the web
    [32m•[39m Chrome at C:\Program Files\Google\Chrome\Application\chrome.exe

[31m[✗][39m Visual Studio - develop Windows apps
    [31m✗[39m Visual Studio not installed; this is necessary to develop Windows apps.
      Download at https://visualstudio.microsoft.com/downloads/.
      Please install the "Desktop development with C++" workload, including all of its default components

[33m[!][39m Android Studio (version 2022.3)
    [32m•[39m Android Studio at C:\Program Files\Android\Android Studio
    [32m•[39m Flutter plugin can be installed from:
      🔨 https://plugins.jetbrains.com/plugin/9212-flutter
    [32m•[39m Dart plugin can be installed from:
      🔨 https://plugins.jetbrains.com/plugin/6351-dart
    [31m✗[39m Unable to determine bundled Java version.
    [32m•[39m Try updating or re-installing Android Studio.

[32m[✓][39m Android Studio (version 2023.2)
    [32m•[39m Android Studio at C:\Program Files\Android\Android Studio1
    [32m•[39m Flutter plugin can be installed from:
      🔨 https://plugins.jetbrains.com/plugin/9212-flutter
    [32m•[39m Dart plugin can be installed from:
      🔨 https://plugins.jetbrains.com/plugin/6351-dart
    [32m•[39m Java version OpenJDK Runtime Environment (build 17.0.9+0--11185874)

[33m[!][39m Android Studio (version unknown)
    [32m•[39m Android Studio at C:\Program Files\Android\Android Studio1\bin
    [32m•[39m Flutter plugin can be installed from:
      🔨 https://plugins.jetbrains.com/plugin/9212-flutter
    [32m•[39m Dart plugin can be installed from:
      🔨 https://plugins.jetbrains.com/plugin/6351-dart
    [31m✗[39m Unable to determine Android Studio version.
    [31m✗[39m android-studio-dir = C:\Program Files\Android\Android Studio1\bin
    [31m✗[39m Unable to find bundled Java version.
    [32m•[39m Try updating or re-installing Android Studio.
    [32m•[39m Consider removing your android-studio-dir setting by running:
      flutter config --android-studio-dir=

[32m[✓][39m VS Code (version 1.91.1)
    [32m•[39m VS Code at C:\Users\USER\AppData\Local\Programs\Microsoft VS Code
    [32m•[39m Flutter extension version 3.92.0

[32m[✓][39m Connected device (4 available)
    [32m•[39m RMX3521 (mobile)  • 541bb7dd • android-arm64  • Android 14 (API 34)
    [32m•[39m Windows (desktop) • windows  • windows-x64    • Microsoft Windows [Version 10.0.19045.4529]
    [32m•[39m Chrome (web)      • chrome   • web-javascript • Google Chrome 126.0.6478.127
    [32m•[39m Edge (web)        • edge     • web-javascript • Microsoft Edge 126.0.2592.102

[32m[✓][39m Network resources
    [32m•[39m All expected network resources are available.

[33m![39m Doctor found issues in 3 categories.
```
