#
# There is insufficient memory for the Java Runtime Environment to continue.
# Native memory allocation (malloc) failed to allocate 231984 bytes for Chunk::new
# Possible reasons:
#   The system is out of physical RAM or swap space
#   The process is running with CompressedOops enabled, and the Java Heap may be blocking the growth of the native heap
# Possible solutions:
#   Reduce memory load on the system
#   Increase physical memory or swap space
#   Check if swap backing store is full
#   Decrease Java heap size (-Xmx/-Xms)
#   Decrease number of Java threads
#   Decrease Java thread stack sizes (-Xss)
#   Set larger code cache with -XX:ReservedCodeCacheSize=
#   JVM is running with Zero Based Compressed Oops mode in which the Java heap is
#     placed in the first 32GB address space. The Java Heap base address is the
#     maximum limit for the native heap growth. Please use -XX:HeapBaseMinAddress
#     to set the Java Heap base and to place the Java Heap above 32GB virtual address.
# This output file may be truncated or incomplete.
#
#  Out of Memory Error (arena.cpp:189), pid=8504, tid=17516
#
# JRE version: Java(TM) SE Runtime Environment (17.0.11+7) (build 17.0.11+7-LTS-207)
# Java VM: Java HotSpot(TM) 64-Bit Server VM (17.0.11+7-LTS-207, mixed mode, sharing, tiered, compressed oops, compressed class ptrs, g1 gc, windows-amd64)
# No core dump will be written. Minidumps are not enabled by default on client versions of Windows
#

---------------  S U M M A R Y ------------

Command Line: -Dorg.gradle.appname=gradlew org.gradle.wrapper.GradleWrapperMain -q -Ptarget-platform=android-arm,android-arm64,android-x64 -Ptarget=lib\main.dart -Pbase-application-name=android.app.Application -Pdart-obfuscation=false -Ptrack-widget-creation=true -Ptree-shake-icons=true bundleRelease

Host: Intel(R) Core(TM) i3-10105 CPU @ 3.70GHz, 8 cores, 15G,  Windows 11 , 64 bit Build 22621 (10.0.22621.3958)
Time: Mon Sep  9 15:39:12 2024 India Standard Time elapsed time: 95.130787 seconds (0d 0h 1m 35s)

---------------  T H R E A D  ---------------

Current thread (0x000001c6ffac7340):  JavaThread "C2 CompilerThread0" daemon [_thread_in_native, id=17516, stack(0x0000004a1fa00000,0x0000004a1fb00000)]


Current CompileTask:
C2:  95130 1470   !   4       java.io.BufferedReader::readLine (327 bytes)

Stack: [0x0000004a1fa00000,0x0000004a1fb00000]
Native frames: (J=compiled Java code, j=interpreted, Vv=VM code, C=native code)
V  [jvm.dll+0x679cca]
V  [jvm.dll+0x7da13d]
V  [jvm.dll+0x7dba83]
V  [jvm.dll+0x7dc0f3]
V  [jvm.dll+0x2449af]
V  [jvm.dll+0xab83b]
V  [jvm.dll+0xabe1c]
V  [jvm.dll+0x3615ae]
V  [jvm.dll+0x32bd61]
V  [jvm.dll+0x32b1fa]
V  [jvm.dll+0x2161df]
V  [jvm.dll+0x21560f]
V  [jvm.dll+0x1a2040]
V  [jvm.dll+0x225a2b]
V  [jvm.dll+0x223bcb]
V  [jvm.dll+0x7903ec]
V  [jvm.dll+0x78a85a]
V  [jvm.dll+0x678bb5]
C  [ucrtbase.dll+0x29333]
C  [KERNEL32.DLL+0x1257d]
C  [ntdll.dll+0x5af28]


---------------  P R O C E S S  ---------------

Threads class SMR info:
_java_thread_list=0x000001c6c7048b20, length=13, elements={
0x000001c6dee352c0, 0x000001c6ffaa7050, 0x000001c6ffaa7ed0, 0x000001c6ffac39f0,
0x000001c6ffac42c0, 0x000001c6ffac4c80, 0x000001c6ffac6650, 0x000001c6ffac7340,
0x000001c6ffac7df0, 0x000001c6ffaca800, 0x000001c6ffd207c0, 0x000001c6ffd29280,
0x000001c6c7819b00
}

Java Threads: ( => current thread )
  0x000001c6dee352c0 JavaThread "main" [_thread_in_vm, id=21352, stack(0x0000004a1ed00000,0x0000004a1ee00000)]
  0x000001c6ffaa7050 JavaThread "Reference Handler" daemon [_thread_blocked, id=22728, stack(0x0000004a1f400000,0x0000004a1f500000)]
  0x000001c6ffaa7ed0 JavaThread "Finalizer" daemon [_thread_blocked, id=17996, stack(0x0000004a1f500000,0x0000004a1f600000)]
  0x000001c6ffac39f0 JavaThread "Signal Dispatcher" daemon [_thread_blocked, id=11040, stack(0x0000004a1f600000,0x0000004a1f700000)]
  0x000001c6ffac42c0 JavaThread "Attach Listener" daemon [_thread_blocked, id=22448, stack(0x0000004a1f700000,0x0000004a1f800000)]
  0x000001c6ffac4c80 JavaThread "Service Thread" daemon [_thread_blocked, id=11820, stack(0x0000004a1f800000,0x0000004a1f900000)]
  0x000001c6ffac6650 JavaThread "Monitor Deflation Thread" daemon [_thread_blocked, id=556, stack(0x0000004a1f900000,0x0000004a1fa00000)]
=>0x000001c6ffac7340 JavaThread "C2 CompilerThread0" daemon [_thread_in_native, id=17516, stack(0x0000004a1fa00000,0x0000004a1fb00000)]
  0x000001c6ffac7df0 JavaThread "C1 CompilerThread0" daemon [_thread_blocked, id=3600, stack(0x0000004a1fb00000,0x0000004a1fc00000)]
  0x000001c6ffaca800 JavaThread "Sweeper thread" daemon [_thread_blocked, id=19356, stack(0x0000004a1fc00000,0x0000004a1fd00000)]
  0x000001c6ffd207c0 JavaThread "Notification Thread" daemon [_thread_blocked, id=3848, stack(0x0000004a1fd00000,0x0000004a1fe00000)]
  0x000001c6ffd29280 JavaThread "Common-Cleaner" daemon [_thread_blocked, id=9788, stack(0x0000004a1ff00000,0x0000004a20000000)]
  0x000001c6c7819b00 JavaThread "DisconnectableInputStream source reader" daemon [_thread_in_native, id=3444, stack(0x0000004a20800000,0x0000004a20900000)]

Other Threads:
  0x000001c6ffaa4030 VMThread "VM Thread" [stack: 0x0000004a1f300000,0x0000004a1f400000] [id=3000]
  0x000001c6ffaac650 WatcherThread [stack: 0x0000004a1fe00000,0x0000004a1ff00000] [id=15396]
  0x000001c6deea0c90 GCTaskThread "GC Thread#0" [stack: 0x0000004a1ee00000,0x0000004a1ef00000] [id=23660]
  0x000001c6c75987f0 GCTaskThread "GC Thread#1" [stack: 0x0000004a20100000,0x0000004a20200000] [id=20180]
  0x000001c6c7598ab0 GCTaskThread "GC Thread#2" [stack: 0x0000004a20200000,0x0000004a20300000] [id=8892]
  0x000001c6c7990880 GCTaskThread "GC Thread#3" [stack: 0x0000004a20300000,0x0000004a20400000] [id=6900]
  0x000001c6c7990b40 GCTaskThread "GC Thread#4" [stack: 0x0000004a20400000,0x0000004a20500000] [id=23728]
  0x000001c6c7990e00 GCTaskThread "GC Thread#5" [stack: 0x0000004a20500000,0x0000004a20600000] [id=11592]
  0x000001c6deeb1e80 ConcurrentGCThread "G1 Main Marker" [stack: 0x0000004a1ef00000,0x0000004a1f000000] [id=6524]
  0x000001c6deeb2890 ConcurrentGCThread "G1 Conc#0" [stack: 0x0000004a1f000000,0x0000004a1f100000] [id=19360]
  0x000001c6deefe4e0 ConcurrentGCThread "G1 Refine#0" [stack: 0x0000004a1f100000,0x0000004a1f200000] [id=15228]
  0x000001c6ff960140 ConcurrentGCThread "G1 Service" [stack: 0x0000004a1f200000,0x0000004a1f300000] [id=6116]

Threads with active compile tasks:
C2 CompilerThread0    95142 1470   !   4       java.io.BufferedReader::readLine (327 bytes)

VM state: not at safepoint (normal execution)

VM Mutex/Monitor currently owned by a thread: None

Heap address: 0x0000000703600000, size: 4042 MB, Compressed Oops mode: Zero based, Oop shift amount: 3

CDS archive(s) mapped at: [0x000001c682000000-0x000001c682bd0000-0x000001c682bd0000), size 12386304, SharedBaseAddress: 0x000001c682000000, ArchiveRelocationMode: 1.
Compressed class space mapped at: 0x000001c683000000-0x000001c6c3000000, reserved size: 1073741824
Narrow klass base: 0x000001c682000000, Narrow klass shift: 0, Narrow klass range: 0x100000000

GC Precious Log:
 CPUs: 8 total, 8 available
 Memory: 16165M
 Large Page Support: Disabled
 NUMA Support: Disabled
 Compressed Oops: Enabled (Zero based)
 Heap Region Size: 2M
 Heap Min Capacity: 8M
 Heap Initial Capacity: 254M
 Heap Max Capacity: 4042M
 Pre-touch: Disabled
 Parallel Workers: 8
 Concurrent Workers: 2
 Concurrent Refinement Workers: 8
 Periodic GC: Disabled

Heap:
 garbage-first heap   total 260096K, used 26774K [0x0000000703600000, 0x0000000800000000)
  region size 2048K, 11 young (22528K), 2 survivors (4096K)
 Metaspace       used 8515K, committed 8768K, reserved 1114112K
  class space    used 1140K, committed 1280K, reserved 1048576K

Heap Regions: E=young(eden), S=young(survivor), O=old, HS=humongous(starts), HC=humongous(continues), CS=collection set, F=free, OA=open archive, CA=closed archive, TAMS=top-at-mark-start (previous, next)
|   0|0x0000000703600000, 0x0000000703800000, 0x0000000703800000|100%|HS|  |TAMS 0x0000000703600000, 0x0000000703600000| Complete 
|   1|0x0000000703800000, 0x0000000703a00000, 0x0000000703a00000|100%|HC|  |TAMS 0x0000000703800000, 0x0000000703800000| Complete 
|   2|0x0000000703a00000, 0x0000000703c00000, 0x0000000703c00000|100%| O|  |TAMS 0x0000000703a00000, 0x0000000703a00000| Untracked 
|   3|0x0000000703c00000, 0x0000000703c25a08, 0x0000000703e00000|  7%| O|  |TAMS 0x0000000703c00000, 0x0000000703c00000| Untracked 
|   4|0x0000000703e00000, 0x0000000703e00000, 0x0000000704000000|  0%| F|  |TAMS 0x0000000703e00000, 0x0000000703e00000| Untracked 
|   5|0x0000000704000000, 0x0000000704000000, 0x0000000704200000|  0%| F|  |TAMS 0x0000000704000000, 0x0000000704000000| Untracked 
|   6|0x0000000704200000, 0x0000000704200000, 0x0000000704400000|  0%| F|  |TAMS 0x0000000704200000, 0x0000000704200000| Untracked 
|   7|0x0000000704400000, 0x0000000704400000, 0x0000000704600000|  0%| F|  |TAMS 0x0000000704400000, 0x0000000704400000| Untracked 
|   8|0x0000000704600000, 0x0000000704600000, 0x0000000704800000|  0%| F|  |TAMS 0x0000000704600000, 0x0000000704600000| Untracked 
|   9|0x0000000704800000, 0x0000000704800000, 0x0000000704a00000|  0%| F|  |TAMS 0x0000000704800000, 0x0000000704800000| Untracked 
|  10|0x0000000704a00000, 0x0000000704a00000, 0x0000000704c00000|  0%| F|  |TAMS 0x0000000704a00000, 0x0000000704a00000| Untracked 
|  11|0x0000000704c00000, 0x0000000704c00000, 0x0000000704e00000|  0%| F|  |TAMS 0x0000000704c00000, 0x0000000704c00000| Untracked 
|  12|0x0000000704e00000, 0x0000000704e00000, 0x0000000705000000|  0%| F|  |TAMS 0x0000000704e00000, 0x0000000704e00000| Untracked 
|  13|0x0000000705000000, 0x0000000705000000, 0x0000000705200000|  0%| F|  |TAMS 0x0000000705000000, 0x0000000705000000| Untracked 
|  14|0x0000000705200000, 0x0000000705200000, 0x0000000705400000|  0%| F|  |TAMS 0x0000000705200000, 0x0000000705200000| Untracked 
|  15|0x0000000705400000, 0x0000000705400000, 0x0000000705600000|  0%| F|  |TAMS 0x0000000705400000, 0x0000000705400000| Untracked 
|  16|0x0000000705600000, 0x0000000705600000, 0x0000000705800000|  0%| F|  |TAMS 0x0000000705600000, 0x0000000705600000| Untracked 
|  17|0x0000000705800000, 0x0000000705800000, 0x0000000705a00000|  0%| F|  |TAMS 0x0000000705800000, 0x0000000705800000| Untracked 
|  18|0x0000000705a00000, 0x0000000705a00000, 0x0000000705c00000|  0%| F|  |TAMS 0x0000000705a00000, 0x0000000705a00000| Untracked 
|  19|0x0000000705c00000, 0x0000000705c00000, 0x0000000705e00000|  0%| F|  |TAMS 0x0000000705c00000, 0x0000000705c00000| Untracked 
|  20|0x0000000705e00000, 0x0000000705e00000, 0x0000000706000000|  0%| F|  |TAMS 0x0000000705e00000, 0x0000000705e00000| Untracked 
|  21|0x0000000706000000, 0x0000000706000000, 0x0000000706200000|  0%| F|  |TAMS 0x0000000706000000, 0x0000000706000000| Untracked 
|  22|0x0000000706200000, 0x0000000706200000, 0x0000000706400000|  0%| F|  |TAMS 0x0000000706200000, 0x0000000706200000| Untracked 
|  23|0x0000000706400000, 0x0000000706400000, 0x0000000706600000|  0%| F|  |TAMS 0x0000000706400000, 0x0000000706400000| Untracked 
|  24|0x0000000706600000, 0x0000000706600000, 0x0000000706800000|  0%| F|  |TAMS 0x0000000706600000, 0x0000000706600000| Untracked 
|  25|0x0000000706800000, 0x0000000706800000, 0x0000000706a00000|  0%| F|  |TAMS 0x0000000706800000, 0x0000000706800000| Untracked 
|  26|0x0000000706a00000, 0x0000000706a00000, 0x0000000706c00000|  0%| F|  |TAMS 0x0000000706a00000, 0x0000000706a00000| Untracked 
|  27|0x0000000706c00000, 0x0000000706c00000, 0x0000000706e00000|  0%| F|  |TAMS 0x0000000706c00000, 0x0000000706c00000| Untracked 
|  28|0x0000000706e00000, 0x0000000706e00000, 0x0000000707000000|  0%| F|  |TAMS 0x0000000706e00000, 0x0000000706e00000| Untracked 
|  29|0x0000000707000000, 0x0000000707000000, 0x0000000707200000|  0%| F|  |TAMS 0x0000000707000000, 0x0000000707000000| Untracked 
|  30|0x0000000707200000, 0x0000000707200000, 0x0000000707400000|  0%| F|  |TAMS 0x0000000707200000, 0x0000000707200000| Untracked 
|  31|0x0000000707400000, 0x0000000707400000, 0x0000000707600000|  0%| F|  |TAMS 0x0000000707400000, 0x0000000707400000| Untracked 
|  32|0x0000000707600000, 0x0000000707600000, 0x0000000707800000|  0%| F|  |TAMS 0x0000000707600000, 0x0000000707600000| Untracked 
|  33|0x0000000707800000, 0x0000000707800000, 0x0000000707a00000|  0%| F|  |TAMS 0x0000000707800000, 0x0000000707800000| Untracked 
|  34|0x0000000707a00000, 0x0000000707a00000, 0x0000000707c00000|  0%| F|  |TAMS 0x0000000707a00000, 0x0000000707a00000| Untracked 
|  35|0x0000000707c00000, 0x0000000707c00000, 0x0000000707e00000|  0%| F|  |TAMS 0x0000000707c00000, 0x0000000707c00000| Untracked 
|  36|0x0000000707e00000, 0x0000000707e00000, 0x0000000708000000|  0%| F|  |TAMS 0x0000000707e00000, 0x0000000707e00000| Untracked 
|  37|0x0000000708000000, 0x0000000708000000, 0x0000000708200000|  0%| F|  |TAMS 0x0000000708000000, 0x0000000708000000| Untracked 
|  38|0x0000000708200000, 0x0000000708200000, 0x0000000708400000|  0%| F|  |TAMS 0x0000000708200000, 0x0000000708200000| Untracked 
|  39|0x0000000708400000, 0x0000000708400000, 0x0000000708600000|  0%| F|  |TAMS 0x0000000708400000, 0x0000000708400000| Untracked 
|  40|0x0000000708600000, 0x0000000708600000, 0x0000000708800000|  0%| F|  |TAMS 0x0000000708600000, 0x0000000708600000| Untracked 
|  41|0x0000000708800000, 0x0000000708800000, 0x0000000708a00000|  0%| F|  |TAMS 0x0000000708800000, 0x0000000708800000| Untracked 
|  42|0x0000000708a00000, 0x0000000708a00000, 0x0000000708c00000|  0%| F|  |TAMS 0x0000000708a00000, 0x0000000708a00000| Untracked 
|  43|0x0000000708c00000, 0x0000000708c00000, 0x0000000708e00000|  0%| F|  |TAMS 0x0000000708c00000, 0x0000000708c00000| Untracked 
|  44|0x0000000708e00000, 0x0000000708e00000, 0x0000000709000000|  0%| F|  |TAMS 0x0000000708e00000, 0x0000000708e00000| Untracked 
|  45|0x0000000709000000, 0x0000000709000000, 0x0000000709200000|  0%| F|  |TAMS 0x0000000709000000, 0x0000000709000000| Untracked 
|  46|0x0000000709200000, 0x0000000709200000, 0x0000000709400000|  0%| F|  |TAMS 0x0000000709200000, 0x0000000709200000| Untracked 
|  47|0x0000000709400000, 0x0000000709400000, 0x0000000709600000|  0%| F|  |TAMS 0x0000000709400000, 0x0000000709400000| Untracked 
|  48|0x0000000709600000, 0x0000000709600000, 0x0000000709800000|  0%| F|  |TAMS 0x0000000709600000, 0x0000000709600000| Untracked 
|  49|0x0000000709800000, 0x0000000709800000, 0x0000000709a00000|  0%| F|  |TAMS 0x0000000709800000, 0x0000000709800000| Untracked 
|  50|0x0000000709a00000, 0x0000000709a00000, 0x0000000709c00000|  0%| F|  |TAMS 0x0000000709a00000, 0x0000000709a00000| Untracked 
|  51|0x0000000709c00000, 0x0000000709c00000, 0x0000000709e00000|  0%| F|  |TAMS 0x0000000709c00000, 0x0000000709c00000| Untracked 
|  52|0x0000000709e00000, 0x0000000709e00000, 0x000000070a000000|  0%| F|  |TAMS 0x0000000709e00000, 0x0000000709e00000| Untracked 
|  53|0x000000070a000000, 0x000000070a000000, 0x000000070a200000|  0%| F|  |TAMS 0x000000070a000000, 0x000000070a000000| Untracked 
|  54|0x000000070a200000, 0x000000070a200000, 0x000000070a400000|  0%| F|  |TAMS 0x000000070a200000, 0x000000070a200000| Untracked 
|  55|0x000000070a400000, 0x000000070a400000, 0x000000070a600000|  0%| F|  |TAMS 0x000000070a400000, 0x000000070a400000| Untracked 
|  56|0x000000070a600000, 0x000000070a600000, 0x000000070a800000|  0%| F|  |TAMS 0x000000070a600000, 0x000000070a600000| Untracked 
|  57|0x000000070a800000, 0x000000070a800000, 0x000000070aa00000|  0%| F|  |TAMS 0x000000070a800000, 0x000000070a800000| Untracked 
|  58|0x000000070aa00000, 0x000000070aa00000, 0x000000070ac00000|  0%| F|  |TAMS 0x000000070aa00000, 0x000000070aa00000| Untracked 
|  59|0x000000070ac00000, 0x000000070ac00000, 0x000000070ae00000|  0%| F|  |TAMS 0x000000070ac00000, 0x000000070ac00000| Untracked 
|  60|0x000000070ae00000, 0x000000070ae00000, 0x000000070b000000|  0%| F|  |TAMS 0x000000070ae00000, 0x000000070ae00000| Untracked 
|  61|0x000000070b000000, 0x000000070b000000, 0x000000070b200000|  0%| F|  |TAMS 0x000000070b000000, 0x000000070b000000| Untracked 
|  62|0x000000070b200000, 0x000000070b200000, 0x000000070b400000|  0%| F|  |TAMS 0x000000070b200000, 0x000000070b200000| Untracked 
|  63|0x000000070b400000, 0x000000070b400000, 0x000000070b600000|  0%| F|  |TAMS 0x000000070b400000, 0x000000070b400000| Untracked 
|  64|0x000000070b600000, 0x000000070b600000, 0x000000070b800000|  0%| F|  |TAMS 0x000000070b600000, 0x000000070b600000| Untracked 
|  65|0x000000070b800000, 0x000000070b800000, 0x000000070ba00000|  0%| F|  |TAMS 0x000000070b800000, 0x000000070b800000| Untracked 
|  66|0x000000070ba00000, 0x000000070ba00000, 0x000000070bc00000|  0%| F|  |TAMS 0x000000070ba00000, 0x000000070ba00000| Untracked 
|  67|0x000000070bc00000, 0x000000070bc00000, 0x000000070be00000|  0%| F|  |TAMS 0x000000070bc00000, 0x000000070bc00000| Untracked 
|  68|0x000000070be00000, 0x000000070be00000, 0x000000070c000000|  0%| F|  |TAMS 0x000000070be00000, 0x000000070be00000| Untracked 
|  69|0x000000070c000000, 0x000000070c000000, 0x000000070c200000|  0%| F|  |TAMS 0x000000070c000000, 0x000000070c000000| Untracked 
|  70|0x000000070c200000, 0x000000070c200000, 0x000000070c400000|  0%| F|  |TAMS 0x000000070c200000, 0x000000070c200000| Untracked 
|  71|0x000000070c400000, 0x000000070c400000, 0x000000070c600000|  0%| F|  |TAMS 0x000000070c400000, 0x000000070c400000| Untracked 
|  72|0x000000070c600000, 0x000000070c600000, 0x000000070c800000|  0%| F|  |TAMS 0x000000070c600000, 0x000000070c600000| Untracked 
|  73|0x000000070c800000, 0x000000070c800000, 0x000000070ca00000|  0%| F|  |TAMS 0x000000070c800000, 0x000000070c800000| Untracked 
|  74|0x000000070ca00000, 0x000000070ca00000, 0x000000070cc00000|  0%| F|  |TAMS 0x000000070ca00000, 0x000000070ca00000| Untracked 
|  75|0x000000070cc00000, 0x000000070cc00000, 0x000000070ce00000|  0%| F|  |TAMS 0x000000070cc00000, 0x000000070cc00000| Untracked 
|  76|0x000000070ce00000, 0x000000070ce00000, 0x000000070d000000|  0%| F|  |TAMS 0x000000070ce00000, 0x000000070ce00000| Untracked 
|  77|0x000000070d000000, 0x000000070d000000, 0x000000070d200000|  0%| F|  |TAMS 0x000000070d000000, 0x000000070d000000| Untracked 
|  78|0x000000070d200000, 0x000000070d200000, 0x000000070d400000|  0%| F|  |TAMS 0x000000070d200000, 0x000000070d200000| Untracked 
|  79|0x000000070d400000, 0x000000070d400000, 0x000000070d600000|  0%| F|  |TAMS 0x000000070d400000, 0x000000070d400000| Untracked 
|  80|0x000000070d600000, 0x000000070d600000, 0x000000070d800000|  0%| F|  |TAMS 0x000000070d600000, 0x000000070d600000| Untracked 
|  81|0x000000070d800000, 0x000000070d800000, 0x000000070da00000|  0%| F|  |TAMS 0x000000070d800000, 0x000000070d800000| Untracked 
|  82|0x000000070da00000, 0x000000070da00000, 0x000000070dc00000|  0%| F|  |TAMS 0x000000070da00000, 0x000000070da00000| Untracked 
|  83|0x000000070dc00000, 0x000000070dc00000, 0x000000070de00000|  0%| F|  |TAMS 0x000000070dc00000, 0x000000070dc00000| Untracked 
|  84|0x000000070de00000, 0x000000070de00000, 0x000000070e000000|  0%| F|  |TAMS 0x000000070de00000, 0x000000070de00000| Untracked 
|  85|0x000000070e000000, 0x000000070e000000, 0x000000070e200000|  0%| F|  |TAMS 0x000000070e000000, 0x000000070e000000| Untracked 
|  86|0x000000070e200000, 0x000000070e200000, 0x000000070e400000|  0%| F|  |TAMS 0x000000070e200000, 0x000000070e200000| Untracked 
|  87|0x000000070e400000, 0x000000070e400000, 0x000000070e600000|  0%| F|  |TAMS 0x000000070e400000, 0x000000070e400000| Untracked 
|  88|0x000000070e600000, 0x000000070e600000, 0x000000070e800000|  0%| F|  |TAMS 0x000000070e600000, 0x000000070e600000| Untracked 
|  89|0x000000070e800000, 0x000000070e800000, 0x000000070ea00000|  0%| F|  |TAMS 0x000000070e800000, 0x000000070e800000| Untracked 
|  90|0x000000070ea00000, 0x000000070ea00000, 0x000000070ec00000|  0%| F|  |TAMS 0x000000070ea00000, 0x000000070ea00000| Untracked 
|  91|0x000000070ec00000, 0x000000070ec00000, 0x000000070ee00000|  0%| F|  |TAMS 0x000000070ec00000, 0x000000070ec00000| Untracked 
|  92|0x000000070ee00000, 0x000000070ee00000, 0x000000070f000000|  0%| F|  |TAMS 0x000000070ee00000, 0x000000070ee00000| Untracked 
|  93|0x000000070f000000, 0x000000070f000000, 0x000000070f200000|  0%| F|  |TAMS 0x000000070f000000, 0x000000070f000000| Untracked 
|  94|0x000000070f200000, 0x000000070f200000, 0x000000070f400000|  0%| F|  |TAMS 0x000000070f200000, 0x000000070f200000| Untracked 
|  95|0x000000070f400000, 0x000000070f400000, 0x000000070f600000|  0%| F|  |TAMS 0x000000070f400000, 0x000000070f400000| Untracked 
|  96|0x000000070f600000, 0x000000070f600000, 0x000000070f800000|  0%| F|  |TAMS 0x000000070f600000, 0x000000070f600000| Untracked 
|  97|0x000000070f800000, 0x000000070f800000, 0x000000070fa00000|  0%| F|  |TAMS 0x000000070f800000, 0x000000070f800000| Untracked 
|  98|0x000000070fa00000, 0x000000070fa00000, 0x000000070fc00000|  0%| F|  |TAMS 0x000000070fa00000, 0x000000070fa00000| Untracked 
|  99|0x000000070fc00000, 0x000000070fc00000, 0x000000070fe00000|  0%| F|  |TAMS 0x000000070fc00000, 0x000000070fc00000| Untracked 
| 100|0x000000070fe00000, 0x000000070fe00000, 0x0000000710000000|  0%| F|  |TAMS 0x000000070fe00000, 0x000000070fe00000| Untracked 
| 101|0x0000000710000000, 0x0000000710000000, 0x0000000710200000|  0%| F|  |TAMS 0x0000000710000000, 0x0000000710000000| Untracked 
| 102|0x0000000710200000, 0x0000000710200000, 0x0000000710400000|  0%| F|  |TAMS 0x0000000710200000, 0x0000000710200000| Untracked 
| 103|0x0000000710400000, 0x0000000710400000, 0x0000000710600000|  0%| F|  |TAMS 0x0000000710400000, 0x0000000710400000| Untracked 
| 104|0x0000000710600000, 0x0000000710600000, 0x0000000710800000|  0%| F|  |TAMS 0x0000000710600000, 0x0000000710600000| Untracked 
| 105|0x0000000710800000, 0x0000000710800000, 0x0000000710a00000|  0%| F|  |TAMS 0x0000000710800000, 0x0000000710800000| Untracked 
| 106|0x0000000710a00000, 0x0000000710a00000, 0x0000000710c00000|  0%| F|  |TAMS 0x0000000710a00000, 0x0000000710a00000| Untracked 
| 107|0x0000000710c00000, 0x0000000710c00000, 0x0000000710e00000|  0%| F|  |TAMS 0x0000000710c00000, 0x0000000710c00000| Untracked 
| 108|0x0000000710e00000, 0x0000000710e00000, 0x0000000711000000|  0%| F|  |TAMS 0x0000000710e00000, 0x0000000710e00000| Untracked 
| 109|0x0000000711000000, 0x0000000711000000, 0x0000000711200000|  0%| F|  |TAMS 0x0000000711000000, 0x0000000711000000| Untracked 
| 110|0x0000000711200000, 0x0000000711200000, 0x0000000711400000|  0%| F|  |TAMS 0x0000000711200000, 0x0000000711200000| Untracked 
| 111|0x0000000711400000, 0x0000000711400000, 0x0000000711600000|  0%| F|  |TAMS 0x0000000711400000, 0x0000000711400000| Untracked 
| 112|0x0000000711600000, 0x0000000711600000, 0x0000000711800000|  0%| F|  |TAMS 0x0000000711600000, 0x0000000711600000| Untracked 
| 113|0x0000000711800000, 0x0000000711800000, 0x0000000711a00000|  0%| F|  |TAMS 0x0000000711800000, 0x0000000711800000| Untracked 
| 114|0x0000000711a00000, 0x0000000711c00000, 0x0000000711c00000|100%| S|CS|TAMS 0x0000000711a00000, 0x0000000711a00000| Complete 
| 115|0x0000000711c00000, 0x0000000711e00000, 0x0000000711e00000|100%| S|CS|TAMS 0x0000000711c00000, 0x0000000711c00000| Complete 
| 116|0x0000000711e00000, 0x0000000711e00000, 0x0000000712000000|  0%| F|  |TAMS 0x0000000711e00000, 0x0000000711e00000| Untracked 
| 117|0x0000000712000000, 0x0000000712000000, 0x0000000712200000|  0%| F|  |TAMS 0x0000000712000000, 0x0000000712000000| Untracked 
| 118|0x0000000712200000, 0x00000007122b8d88, 0x0000000712400000| 36%| E|  |TAMS 0x0000000712200000, 0x0000000712200000| Complete 
| 119|0x0000000712400000, 0x0000000712600000, 0x0000000712600000|100%| E|CS|TAMS 0x0000000712400000, 0x0000000712400000| Complete 
| 120|0x0000000712600000, 0x0000000712800000, 0x0000000712800000|100%| E|CS|TAMS 0x0000000712600000, 0x0000000712600000| Complete 
| 121|0x0000000712800000, 0x0000000712a00000, 0x0000000712a00000|100%| E|CS|TAMS 0x0000000712800000, 0x0000000712800000| Complete 
| 122|0x0000000712a00000, 0x0000000712c00000, 0x0000000712c00000|100%| E|CS|TAMS 0x0000000712a00000, 0x0000000712a00000| Complete 
| 123|0x0000000712c00000, 0x0000000712e00000, 0x0000000712e00000|100%| E|CS|TAMS 0x0000000712c00000, 0x0000000712c00000| Complete 
| 124|0x0000000712e00000, 0x0000000713000000, 0x0000000713000000|100%| E|CS|TAMS 0x0000000712e00000, 0x0000000712e00000| Complete 
| 125|0x0000000713000000, 0x0000000713200000, 0x0000000713200000|100%| E|CS|TAMS 0x0000000713000000, 0x0000000713000000| Complete 
| 126|0x0000000713200000, 0x0000000713400000, 0x0000000713400000|100%| E|CS|TAMS 0x0000000713200000, 0x0000000713200000| Complete 

Card table byte_map: [0x000001c6f6210000,0x000001c6f6a00000] _byte_map_base: 0x000001c6f29f5000

Marking Bits (Prev, Next): (CMBitMap*) 0x000001c6deea12b0, (CMBitMap*) 0x000001c6deea12f0
 Prev Bits: [0x000001c6f71f0000, 0x000001c6fb118000)
 Next Bits: [0x000001c6fb120000, 0x000001c6ff048000)

Polling page: 0x000001c6de600000

Metaspace:

Usage:
  Non-class:      7.20 MB used.
      Class:      1.11 MB used.
       Both:      8.32 MB used.

Virtual space:
  Non-class space:       64.00 MB reserved,       7.31 MB ( 11%) committed,  1 nodes.
      Class space:        1.00 GB reserved,       1.25 MB ( <1%) committed,  1 nodes.
             Both:        1.06 GB reserved,       8.56 MB ( <1%) committed. 

Chunk freelists:
   Non-Class:  8.47 MB
       Class:  14.67 MB
        Both:  23.14 MB

MaxMetaspaceSize: unlimited
CompressedClassSpaceSize: 1.00 GB
Initial GC threshold: 21.00 MB
Current GC threshold: 21.00 MB
CDS: on
MetaspaceReclaimPolicy: balanced
 - commit_granule_bytes: 65536.
 - commit_granule_words: 8192.
 - virtual_space_node_default_size: 8388608.
 - enlarge_chunks_in_place: 1.
 - new_chunks_are_fully_committed: 0.
 - uncommit_free_chunks: 1.
 - use_allocation_guard: 0.
 - handle_deallocations: 1.


Internal statistics:

num_allocs_failed_limit: 0.
num_arena_births: 80.
num_arena_deaths: 0.
num_vsnodes_births: 2.
num_vsnodes_deaths: 0.
num_space_committed: 137.
num_space_uncommitted: 0.
num_chunks_returned_to_freelist: 0.
num_chunks_taken_from_freelist: 300.
num_chunk_merges: 0.
num_chunk_splits: 200.
num_chunks_enlarged: 166.
num_inconsistent_stats: 0.

CodeHeap 'non-profiled nmethods': size=120000Kb used=548Kb max_used=548Kb free=119451Kb
 bounds [0x000001c6ee1c0000, 0x000001c6ee430000, 0x000001c6f56f0000]
CodeHeap 'profiled nmethods': size=120000Kb used=2792Kb max_used=2792Kb free=117207Kb
 bounds [0x000001c6e66f0000, 0x000001c6e69b0000, 0x000001c6edc20000]
CodeHeap 'non-nmethods': size=5760Kb used=1165Kb max_used=1197Kb free=4594Kb
 bounds [0x000001c6edc20000, 0x000001c6ede90000, 0x000001c6ee1c0000]
 total_blobs=1955 nmethods=1497 adapters=371
 compilation: enabled
              stopped_count=0, restarted_count=0
 full_count=0

Compilation events (20 events):
Event: 95.122 Thread 0x000001c6ffac7df0 1480       3       java.nio.ByteBuffer::position (6 bytes)
Event: 95.122 Thread 0x000001c6ffac7df0 nmethod 1480 0x000001c6e69a2110 code [0x000001c6e69a22c0, 0x000001c6e69a2488]
Event: 95.123 Thread 0x000001c6ffac7df0 1481       3       java.lang.AbstractStringBuilder::appendChars (130 bytes)
Event: 95.123 Thread 0x000001c6ffac7df0 nmethod 1481 0x000001c6e69a2510 code [0x000001c6e69a2700, 0x000001c6e69a2ca8]
Event: 95.123 Thread 0x000001c6ffac7df0 1482       3       java.nio.Buffer::<init> (105 bytes)
Event: 95.123 Thread 0x000001c6ffac7df0 nmethod 1482 0x000001c6e69a2f10 code [0x000001c6e69a31c0, 0x000001c6e69a3d38]
Event: 95.124 Thread 0x000001c6ffac7df0 1483       3       java.nio.ByteBuffer::hasArray (20 bytes)
Event: 95.124 Thread 0x000001c6ffac7df0 nmethod 1483 0x000001c6e69a4190 code [0x000001c6e69a4320, 0x000001c6e69a44d8]
Event: 95.124 Thread 0x000001c6ffac7df0 1484       3       java.nio.CharBuffer::hasArray (20 bytes)
Event: 95.124 Thread 0x000001c6ffac7df0 nmethod 1484 0x000001c6e69a4590 code [0x000001c6e69a4720, 0x000001c6e69a48d8]
Event: 95.124 Thread 0x000001c6ffac7df0 1485       3       java.nio.charset.CoderResult::isOverflow (14 bytes)
Event: 95.124 Thread 0x000001c6ffac7df0 nmethod 1485 0x000001c6e69a4990 code [0x000001c6e69a4b20, 0x000001c6e69a4c98]
Event: 95.124 Thread 0x000001c6ffac7df0 1486       1       java.nio.Buffer::capacity (5 bytes)
Event: 95.125 Thread 0x000001c6ffac7df0 nmethod 1486 0x000001c6ee248790 code [0x000001c6ee248920, 0x000001c6ee2489f8]
Event: 95.125 Thread 0x000001c6ffac7df0 1487       3       java.nio.HeapByteBuffer::ix (7 bytes)
Event: 95.125 Thread 0x000001c6ffac7df0 nmethod 1487 0x000001c6e69a4d10 code [0x000001c6e69a4ea0, 0x000001c6e69a4fb8]
Event: 95.127 Thread 0x000001c6ffac7df0 1489       3       java.lang.invoke.LambdaForm$BasicType::basicTypeSlots (8 bytes)
Event: 95.127 Thread 0x000001c6ffac7df0 nmethod 1489 0x000001c6e69a5090 code [0x000001c6e69a5220, 0x000001c6e69a5398]
Event: 95.127 Thread 0x000001c6ffac7df0 1490       3       sun.invoke.util.Wrapper::stackSlots (9 bytes)
Event: 95.127 Thread 0x000001c6ffac7df0 nmethod 1490 0x000001c6e69a5490 code [0x000001c6e69a5620, 0x000001c6e69a5738]

GC Heap History (2 events):
Event: 0.536 GC heap before
{Heap before GC invocations=0 (full 0):
 garbage-first heap   total 260096K, used 24576K [0x0000000703600000, 0x0000000800000000)
  region size 2048K, 11 young (22528K), 0 survivors (0K)
 Metaspace       used 3656K, committed 3840K, reserved 1114112K
  class space    used 454K, committed 512K, reserved 1048576K
}
Event: 0.538 GC heap after
{Heap after GC invocations=1 (full 0):
 garbage-first heap   total 260096K, used 10390K [0x0000000703600000, 0x0000000800000000)
  region size 2048K, 2 young (4096K), 2 survivors (4096K)
 Metaspace       used 3656K, committed 3840K, reserved 1114112K
  class space    used 454K, committed 512K, reserved 1048576K
}

Deoptimization events (20 events):
Event: 0.724 Thread 0x000001c6dee352c0 Uncommon trap: trap_request=0xffffff45 fr.pc=0x000001c6ee21625c relative=0x0000000000001e1c
Event: 0.724 Thread 0x000001c6dee352c0 Uncommon trap: reason=unstable_if action=reinterpret pc=0x000001c6ee21625c method=java.io.WinNTFileSystem.normalize(Ljava/lang/String;)Ljava/lang/String; @ 128 c2
Event: 0.724 Thread 0x000001c6dee352c0 DEOPT PACKING pc=0x000001c6ee21625c sp=0x0000004a1edfba20
Event: 0.724 Thread 0x000001c6dee352c0 DEOPT UNPACKING pc=0x000001c6edc723a3 sp=0x0000004a1edfba08 mode 2
Event: 0.780 Thread 0x000001c6dee352c0 Uncommon trap: trap_request=0xffffff45 fr.pc=0x000001c6ee1f8564 relative=0x00000000000006a4
Event: 0.780 Thread 0x000001c6dee352c0 Uncommon trap: reason=unstable_if action=reinterpret pc=0x000001c6ee1f8564 method=java.lang.AbstractStringBuilder.append(Ljava/lang/String;)Ljava/lang/AbstractStringBuilder; @ 1 c2
Event: 0.780 Thread 0x000001c6dee352c0 DEOPT PACKING pc=0x000001c6ee1f8564 sp=0x0000004a1edfc780
Event: 0.780 Thread 0x000001c6dee352c0 DEOPT UNPACKING pc=0x000001c6edc723a3 sp=0x0000004a1edfc700 mode 2
Event: 0.780 Thread 0x000001c6dee352c0 Uncommon trap: trap_request=0xffffff45 fr.pc=0x000001c6ee206664 relative=0x00000000000006a4
Event: 0.780 Thread 0x000001c6dee352c0 Uncommon trap: reason=unstable_if action=reinterpret pc=0x000001c6ee206664 method=java.lang.AbstractStringBuilder.append(Ljava/lang/String;)Ljava/lang/AbstractStringBuilder; @ 1 c2
Event: 0.780 Thread 0x000001c6dee352c0 DEOPT PACKING pc=0x000001c6ee206664 sp=0x0000004a1edfc720
Event: 0.780 Thread 0x000001c6dee352c0 DEOPT UNPACKING pc=0x000001c6edc723a3 sp=0x0000004a1edfc708 mode 2
Event: 0.798 Thread 0x000001c6dee352c0 Uncommon trap: trap_request=0xffffff45 fr.pc=0x000001c6ee1f5700 relative=0x00000000000010e0
Event: 0.798 Thread 0x000001c6dee352c0 Uncommon trap: reason=unstable_if action=reinterpret pc=0x000001c6ee1f5700 method=java.util.HashMap.putVal(ILjava/lang/Object;Ljava/lang/Object;ZZ)Ljava/lang/Object; @ 162 c2
Event: 0.798 Thread 0x000001c6dee352c0 DEOPT PACKING pc=0x000001c6ee1f5700 sp=0x0000004a1edfa760
Event: 0.798 Thread 0x000001c6dee352c0 DEOPT UNPACKING pc=0x000001c6edc723a3 sp=0x0000004a1edfa6a8 mode 2
Event: 95.118 Thread 0x000001c6dee352c0 Uncommon trap: trap_request=0xffffff45 fr.pc=0x000001c6ee2471b8 relative=0x00000000000005b8
Event: 95.118 Thread 0x000001c6dee352c0 Uncommon trap: reason=unstable_if action=reinterpret pc=0x000001c6ee2471b8 method=com.esotericsoftware.kryo.io.Input.require(I)I @ 180 c2
Event: 95.118 Thread 0x000001c6dee352c0 DEOPT PACKING pc=0x000001c6ee2471b8 sp=0x0000004a1edfc950
Event: 95.118 Thread 0x000001c6dee352c0 DEOPT UNPACKING pc=0x000001c6edc723a3 sp=0x0000004a1edfc750 mode 2

Classes unloaded (0 events):
No events

Classes redefined (0 events):
No events

Internal exceptions (20 events):
Event: 0.502 Thread 0x000001c6dee352c0 Exception <a 'java/lang/NoSuchMethodError'{0x0000000711e8fc50}: 'void java.lang.invoke.DirectMethodHandle$Holder.invokeStatic(java.lang.Object, java.lang.Object)'> (0x0000000711e8fc50) 
thrown [s\open\src\hotspot\share\interpreter\linkResolver.cpp, line 759]
Event: 0.517 Thread 0x000001c6dee352c0 Exception <a 'java/lang/NoClassDefFoundError'{0x0000000711f17e98}: org/slf4j/impl/StaticMarkerBinder> (0x0000000711f17e98) 
thrown [s\open\src\hotspot\share\classfile\systemDictionary.cpp, line 245]
Event: 0.527 Thread 0x000001c6dee352c0 Exception <a 'java/lang/NoSuchMethodError'{0x0000000711fb4368}: 'java.lang.Object java.lang.invoke.DirectMethodHandle$Holder.invokeVirtual(java.lang.Object, java.lang.Object, java.lang.Object, java.lang.Object, java.lang.Object, java.lang.Object, java.lang.Object)'> (0x0000000711fb4368) 
thrown [s\open\src\hotspot\share\interpreter\linkResolver.cpp, line 759]
Event: 0.529 Thread 0x000001c6dee352c0 Exception <a 'java/lang/NoSuchMethodError'{0x0000000711fc5ba0}: 'java.lang.Object java.lang.invoke.Invokers$Holder.invoker(java.lang.Object, java.lang.Object, java.lang.Object)'> (0x0000000711fc5ba0) 
thrown [s\open\src\hotspot\share\interpreter\linkResolver.cpp, line 759]
Event: 0.530 Thread 0x000001c6dee352c0 Exception <a 'java/lang/NoSuchMethodError'{0x0000000711fcec70}: 'java.lang.Object java.lang.invoke.DirectMethodHandle$Holder.invokeStatic(java.lang.Object, java.lang.Object, int)'> (0x0000000711fcec70) 
thrown [s\open\src\hotspot\share\interpreter\linkResolver.cpp, line 759]
Event: 0.532 Thread 0x000001c6dee352c0 Exception <a 'java/lang/NoSuchMethodError'{0x0000000711fda960}: 'void java.lang.invoke.DelegatingMethodHandle$Holder.delegate(java.lang.Object, java.lang.Object, int, java.lang.Object)'> (0x0000000711fda960) 
thrown [s\open\src\hotspot\share\interpreter\linkResolver.cpp, line 759]
Event: 0.533 Thread 0x000001c6dee352c0 Exception <a 'java/lang/NoSuchMethodError'{0x0000000711fdeaa8}: 'int java.lang.invoke.DirectMethodHandle$Holder.invokeSpecial(java.lang.Object, java.lang.Object, java.lang.Object)'> (0x0000000711fdeaa8) 
thrown [s\open\src\hotspot\share\interpreter\linkResolver.cpp, line 759]
Event: 0.534 Thread 0x000001c6dee352c0 Exception <a 'java/lang/NoSuchMethodError'{0x0000000711ff1bf0}: 'java.lang.Object java.lang.invoke.Invokers$Holder.invokeExact_MT(java.lang.Object, java.lang.Object, java.lang.Object, java.lang.Object)'> (0x0000000711ff1bf0) 
thrown [s\open\src\hotspot\share\interpreter\linkResolver.cpp, line 759]
Event: 0.605 Thread 0x000001c6dee352c0 Exception <a 'java/lang/NoSuchMethodError'{0x0000000712e87d20}: 'void java.lang.invoke.DirectMethodHandle$Holder.invokeSpecial(java.lang.Object, java.lang.Object, java.lang.Object)'> (0x0000000712e87d20) 
thrown [s\open\src\hotspot\share\interpreter\linkResolver.cpp, line 759]
Event: 0.613 Thread 0x000001c6dee352c0 Implicit null exception at 0x000001c6ee21390f to 0x000001c6ee213d84
Event: 0.613 Thread 0x000001c6dee352c0 Implicit null exception at 0x000001c6ee1ffb8f to 0x000001c6ee1fffd8
Event: 0.630 Thread 0x000001c6dee352c0 Exception <a 'java/lang/NoSuchMethodError'{0x0000000712c23fa8}: 'java.lang.Object java.lang.invoke.DirectMethodHandle$Holder.invokeStaticInit(java.lang.Object)'> (0x0000000712c23fa8) 
thrown [s\open\src\hotspot\share\interpreter\linkResolver.cpp, line 759]
Event: 0.700 Thread 0x000001c6dee352c0 Exception <a 'java/lang/NoSuchMethodError'{0x0000000712823e08}: 'java.lang.Object java.lang.invoke.DirectMethodHandle$Holder.invokeStaticInit(java.lang.Object, int, int, int, int)'> (0x0000000712823e08) 
thrown [s\open\src\hotspot\share\interpreter\linkResolver.cpp, line 759]
Event: 0.732 Thread 0x000001c6dee352c0 Exception <a 'java/lang/NoSuchMethodError'{0x00000007128c4980}: 'java.lang.Object java.lang.invoke.DirectMethodHandle$Holder.invokeStaticInit(java.lang.Object, java.lang.Object, int, int, int, int)'> (0x00000007128c4980) 
thrown [s\open\src\hotspot\share\interpreter\linkResolver.cpp, line 759]
Event: 0.768 Thread 0x000001c6dee352c0 Exception <a 'java/lang/NoSuchMethodError'{0x00000007128f0478}: 'void java.lang.invoke.DirectMethodHandle$Holder.invokeStatic(java.lang.Object, java.lang.Object, java.lang.Object)'> (0x00000007128f0478) 
thrown [s\open\src\hotspot\share\interpreter\linkResolver.cpp, line 759]
Event: 0.780 Thread 0x000001c6dee352c0 Implicit null exception at 0x000001c6ee1f7ef2 to 0x000001c6ee1f854c
Event: 0.780 Thread 0x000001c6dee352c0 Implicit null exception at 0x000001c6ee205ff2 to 0x000001c6ee20664c
Event: 95.117 Thread 0x000001c6dee352c0 Exception <a 'sun/net/ConnectionResetException'{0x00000007124ac4e0}: Connection reset> (0x00000007124ac4e0) 
thrown [s\open\src\hotspot\share\prims\jni.cpp, line 535]
Event: 95.127 Thread 0x000001c6dee352c0 Exception <a 'java/lang/NoSuchMethodError'{0x00000007125c43b8}: 'int java.lang.invoke.DirectMethodHandle$Holder.invokeVirtual(java.lang.Object, java.lang.Object)'> (0x00000007125c43b8) 
thrown [s\open\src\hotspot\share\interpreter\linkResolver.cpp, line 759]
Event: 95.128 Thread 0x000001c6c77fe010 Exception <a 'java/io/IOException'{0x00000007127f37a0}: Connection reset by peer> (0x00000007127f37a0) 
thrown [s\open\src\hotspot\share\prims\jni.cpp, line 535]

VM Operations (20 events):
Event: 36.881 Executing VM operation: Cleanup
Event: 36.881 Executing VM operation: Cleanup done
Event: 38.895 Executing VM operation: Cleanup
Event: 38.895 Executing VM operation: Cleanup done
Event: 39.901 Executing VM operation: Cleanup
Event: 39.902 Executing VM operation: Cleanup done
Event: 51.969 Executing VM operation: Cleanup
Event: 51.969 Executing VM operation: Cleanup done
Event: 58.016 Executing VM operation: Cleanup
Event: 58.016 Executing VM operation: Cleanup done
Event: 59.022 Executing VM operation: Cleanup
Event: 59.022 Executing VM operation: Cleanup done
Event: 60.246 Executing VM operation: HandshakeAllThreads
Event: 60.246 Executing VM operation: HandshakeAllThreads done
Event: 78.350 Executing VM operation: Cleanup
Event: 78.350 Executing VM operation: Cleanup done
Event: 95.128 Executing VM operation: HandshakeAllThreads
Event: 95.128 Executing VM operation: HandshakeAllThreads done
Event: 95.128 Executing VM operation: Cleanup
Event: 95.128 Executing VM operation: Cleanup done

Events (20 events):
Event: 19.098 loading class jdk/internal/logger/LoggerFinderLoader$TemporaryLoggerFinder done
Event: 19.098 loading class sun/util/logging/internal/LoggingProviderImpl$JULWrapper
Event: 19.098 loading class sun/util/logging/PlatformLogger$ConfigurableBridge$LoggerConfiguration
Event: 19.098 loading class sun/util/logging/PlatformLogger$ConfigurableBridge$LoggerConfiguration done
Event: 19.098 loading class sun/util/logging/internal/LoggingProviderImpl$JULWrapper done
Event: 19.098 loading class java/io/ObjectInputFilter
Event: 19.098 loading class java/io/ObjectInputFilter done
Event: 19.098 loading class java/io/ObjectInputFilter$Config$BuiltinFilterFactory
Event: 19.098 loading class java/io/ObjectInputFilter$Config$BuiltinFilterFactory done
Event: 19.099 loading class jdk/internal/access/JavaObjectInputFilterAccess
Event: 19.099 loading class jdk/internal/access/JavaObjectInputFilterAccess done
Event: 19.099 loading class java/lang/System$Logger$Level
Event: 19.099 loading class java/lang/System$Logger$Level done
Event: 19.099 loading class java/io/Bits
Event: 19.099 loading class java/io/Bits done
Event: 95.117 loading class sun/net/ConnectionResetException
Event: 95.117 loading class sun/net/ConnectionResetException done
Event: 95.128 loading class java/util/concurrent/locks/AbstractQueuedSynchronizer$ExclusiveNode
Event: 95.128 loading class java/util/concurrent/locks/AbstractQueuedSynchronizer$ExclusiveNode done
Event: 95.129 Thread 0x000001c6c77fe010 Thread exited: 0x000001c6c77fe010


Dynamic libraries:
0x00007ff666e10000 - 0x00007ff666e20000 	C:\Program Files\Java\jdk-17\bin\java.exe
0x00007ff9ccc50000 - 0x00007ff9cce67000 	C:\WINDOWS\SYSTEM32\ntdll.dll
0x00007ff9cbe20000 - 0x00007ff9cbee4000 	C:\WINDOWS\System32\KERNEL32.DLL
0x00007ff9ca180000 - 0x00007ff9ca52d000 	C:\WINDOWS\System32\KERNELBASE.dll
0x00007ff9ca860000 - 0x00007ff9ca971000 	C:\WINDOWS\System32\ucrtbase.dll
0x00007ff9c3e30000 - 0x00007ff9c3e4b000 	C:\Program Files\Java\jdk-17\bin\VCRUNTIME140.dll
0x00007ff9c6b70000 - 0x00007ff9c6b89000 	C:\Program Files\Java\jdk-17\bin\jli.dll
0x00007ff9cbc80000 - 0x00007ff9cbd32000 	C:\WINDOWS\System32\ADVAPI32.dll
0x00007ff9cbff0000 - 0x00007ff9cc097000 	C:\WINDOWS\System32\msvcrt.dll
0x00007ff9cb4c0000 - 0x00007ff9cb569000 	C:\WINDOWS\System32\sechost.dll
0x00007ff9ca830000 - 0x00007ff9ca858000 	C:\WINDOWS\System32\bcrypt.dll
0x00007ff9cb600000 - 0x00007ff9cb714000 	C:\WINDOWS\System32\RPCRT4.dll
0x00007ff9caa10000 - 0x00007ff9cabbe000 	C:\WINDOWS\System32\USER32.dll
0x00007ff9c9f70000 - 0x00007ff9c9f96000 	C:\WINDOWS\System32\win32u.dll
0x00007ff9b2b20000 - 0x00007ff9b2db3000 	C:\WINDOWS\WinSxS\amd64_microsoft.windows.common-controls_6595b64144ccf1df_6.0.22621.3672_none_2713b9d173822955\COMCTL32.dll
0x00007ff9cc580000 - 0x00007ff9cc5a9000 	C:\WINDOWS\System32\GDI32.dll
0x00007ff9ca060000 - 0x00007ff9ca179000 	C:\WINDOWS\System32\gdi32full.dll
0x00007ff9ca5a0000 - 0x00007ff9ca63a000 	C:\WINDOWS\System32\msvcp_win.dll
0x00007ff9c1ef0000 - 0x00007ff9c1efa000 	C:\WINDOWS\SYSTEM32\VERSION.dll
0x00007ff9cc7b0000 - 0x00007ff9cc7e1000 	C:\WINDOWS\System32\IMM32.DLL
0x00007ff9c6ba0000 - 0x00007ff9c6bac000 	C:\Program Files\Java\jdk-17\bin\vcruntime140_1.dll
0x00007ff9b9a20000 - 0x00007ff9b9aae000 	C:\Program Files\Java\jdk-17\bin\msvcp140.dll
0x00007ff992750000 - 0x00007ff993330000 	C:\Program Files\Java\jdk-17\bin\server\jvm.dll
0x00007ff9cca00000 - 0x00007ff9cca08000 	C:\WINDOWS\System32\PSAPI.DLL
0x00007ff9c6b60000 - 0x00007ff9c6b69000 	C:\WINDOWS\SYSTEM32\WSOCK32.dll
0x00007ff9b3e20000 - 0x00007ff9b3e54000 	C:\WINDOWS\SYSTEM32\WINMM.dll
0x00007ff9ca980000 - 0x00007ff9ca9f1000 	C:\WINDOWS\System32\WS2_32.dll
0x00007ff9c8f60000 - 0x00007ff9c8f78000 	C:\WINDOWS\SYSTEM32\kernel.appcore.dll
0x00007ff9c4610000 - 0x00007ff9c461a000 	C:\Program Files\Java\jdk-17\bin\jimage.dll
0x00007ff9a8580000 - 0x00007ff9a87b2000 	C:\WINDOWS\SYSTEM32\DBGHELP.DLL
0x00007ff9cb730000 - 0x00007ff9cbabd000 	C:\WINDOWS\System32\combase.dll
0x00007ff9cbd40000 - 0x00007ff9cbe17000 	C:\WINDOWS\System32\OLEAUT32.dll
0x00007ff9a88e0000 - 0x00007ff9a8912000 	C:\WINDOWS\SYSTEM32\dbgcore.DLL
0x00007ff9ca7b0000 - 0x00007ff9ca82b000 	C:\WINDOWS\System32\bcryptPrimitives.dll
0x00007ff9c3e00000 - 0x00007ff9c3e25000 	C:\Program Files\Java\jdk-17\bin\java.dll
0x00007ff9a2530000 - 0x00007ff9a2607000 	C:\Program Files\Java\jdk-17\bin\jsvml.dll
0x00007ff9cac50000 - 0x00007ff9cb4b8000 	C:\WINDOWS\System32\SHELL32.dll
0x00007ff9c7e70000 - 0x00007ff9c876e000 	C:\WINDOWS\SYSTEM32\windows.storage.dll
0x00007ff9c7d30000 - 0x00007ff9c7e6f000 	C:\WINDOWS\SYSTEM32\wintypes.dll
0x00007ff9ccab0000 - 0x00007ff9ccba9000 	C:\WINDOWS\System32\SHCORE.dll
0x00007ff9cabc0000 - 0x00007ff9cac1e000 	C:\WINDOWS\System32\shlwapi.dll
0x00007ff9c9ea0000 - 0x00007ff9c9ec1000 	C:\WINDOWS\SYSTEM32\profapi.dll
0x00007ff9ba7b0000 - 0x00007ff9ba7c9000 	C:\Program Files\Java\jdk-17\bin\net.dll
0x00007ff9c6bc0000 - 0x00007ff9c6cf6000 	C:\WINDOWS\SYSTEM32\WINHTTP.dll
0x00007ff9c93c0000 - 0x00007ff9c9429000 	C:\WINDOWS\system32\mswsock.dll
0x00007ff9ba790000 - 0x00007ff9ba7a6000 	C:\Program Files\Java\jdk-17\bin\nio.dll
0x00007ff9b9cf0000 - 0x00007ff9b9d08000 	C:\Program Files\Java\jdk-17\bin\zip.dll
0x00007ff9bb2d0000 - 0x00007ff9bb2e0000 	C:\Program Files\Java\jdk-17\bin\verify.dll
0x00007ff983240000 - 0x00007ff983267000 	C:\Users\USER\.gradle\native\c067742578af261105cb4f569cf0c3c89f3d7b1fecec35dd04571415982c5e48\windows-amd64\native-platform.dll
0x00007ff9b9a10000 - 0x00007ff9b9a1a000 	C:\Program Files\Java\jdk-17\bin\management.dll
0x00007ff9b9a00000 - 0x00007ff9b9a0b000 	C:\Program Files\Java\jdk-17\bin\management_ext.dll
0x00007ff9c9710000 - 0x00007ff9c972b000 	C:\WINDOWS\SYSTEM32\CRYPTSP.dll
0x00007ff9c8ec0000 - 0x00007ff9c8ef5000 	C:\WINDOWS\system32\rsaenh.dll
0x00007ff9c9460000 - 0x00007ff9c9488000 	C:\WINDOWS\SYSTEM32\USERENV.dll
0x00007ff9c96f0000 - 0x00007ff9c96fc000 	C:\WINDOWS\SYSTEM32\CRYPTBASE.dll
0x00007ff9c8a10000 - 0x00007ff9c8a3d000 	C:\WINDOWS\SYSTEM32\IPHLPAPI.DLL
0x00007ff9cac40000 - 0x00007ff9cac49000 	C:\WINDOWS\System32\NSI.dll
0x00007ff9c6d30000 - 0x00007ff9c6d49000 	C:\WINDOWS\SYSTEM32\dhcpcsvc6.DLL
0x00007ff9c6b00000 - 0x00007ff9c6b1f000 	C:\WINDOWS\SYSTEM32\dhcpcsvc.DLL
0x00007ff9c8a40000 - 0x00007ff9c8b38000 	C:\WINDOWS\SYSTEM32\DNSAPI.dll
0x00007ff9b99a0000 - 0x00007ff9b99ae000 	C:\Program Files\Java\jdk-17\bin\sunmscapi.dll
0x00007ff9ca640000 - 0x00007ff9ca7a7000 	C:\WINDOWS\System32\CRYPT32.dll
0x00007ff9c9830000 - 0x00007ff9c985e000 	C:\WINDOWS\SYSTEM32\ncrypt.dll
0x00007ff9c97f0000 - 0x00007ff9c9827000 	C:\WINDOWS\SYSTEM32\NTASN1.dll
0x00007ff9b65e0000 - 0x00007ff9b65e8000 	C:\WINDOWS\system32\wshunix.dll

dbghelp: loaded successfully - version: 4.0.5 - missing functions: none
symbol engine: initialized successfully - sym options: 0x614 - pdb path: .;C:\Program Files\Java\jdk-17\bin;C:\WINDOWS\SYSTEM32;C:\WINDOWS\WinSxS\amd64_microsoft.windows.common-controls_6595b64144ccf1df_6.0.22621.3672_none_2713b9d173822955;C:\Program Files\Java\jdk-17\bin\server;C:\Users\USER\.gradle\native\c067742578af261105cb4f569cf0c3c89f3d7b1fecec35dd04571415982c5e48\windows-amd64

VM Arguments:
jvm_args: -Dorg.gradle.appname=gradlew 
java_command: org.gradle.wrapper.GradleWrapperMain -q -Ptarget-platform=android-arm,android-arm64,android-x64 -Ptarget=lib\main.dart -Pbase-application-name=android.app.Application -Pdart-obfuscation=false -Ptrack-widget-creation=true -Ptree-shake-icons=true bundleRelease
java_class_path (initial): D:\ufs\projects\briffini_app\android\\gradle\wrapper\gradle-wrapper.jar
Launcher Type: SUN_STANDARD

[Global flags]
     intx CICompilerCount                          = 4                                         {product} {ergonomic}
     uint ConcGCThreads                            = 2                                         {product} {ergonomic}
     uint G1ConcRefinementThreads                  = 8                                         {product} {ergonomic}
   size_t G1HeapRegionSize                         = 2097152                                   {product} {ergonomic}
    uintx GCDrainStackTargetSize                   = 64                                        {product} {ergonomic}
   size_t InitialHeapSize                          = 266338304                                 {product} {ergonomic}
   size_t MarkStackSize                            = 4194304                                   {product} {ergonomic}
   size_t MaxHeapSize                              = 4238344192                                {product} {ergonomic}
   size_t MaxNewSize                               = 2541748224                                {product} {ergonomic}
   size_t MinHeapDeltaBytes                        = 2097152                                   {product} {ergonomic}
   size_t MinHeapSize                              = 8388608                                   {product} {ergonomic}
    uintx NonNMethodCodeHeapSize                   = 5839372                                {pd product} {ergonomic}
    uintx NonProfiledCodeHeapSize                  = 122909434                              {pd product} {ergonomic}
    uintx ProfiledCodeHeapSize                     = 122909434                              {pd product} {ergonomic}
    uintx ReservedCodeCacheSize                    = 251658240                              {pd product} {ergonomic}
     bool SegmentedCodeCache                       = true                                      {product} {ergonomic}
   size_t SoftMaxHeapSize                          = 4238344192                             {manageable} {ergonomic}
     bool UseCompressedClassPointers               = true                           {product lp64_product} {ergonomic}
     bool UseCompressedOops                        = true                           {product lp64_product} {ergonomic}
     bool UseG1GC                                  = true                                      {product} {ergonomic}
     bool UseLargePagesIndividualAllocation        = false                                  {pd product} {ergonomic}

Logging:
Log output configuration:
 #0: stdout all=warning uptime,level,tags
 #1: stderr all=off uptime,level,tags

Environment Variables:
JAVA_HOME=C:\Program Files\Java\jdk-17
CLASSPATH=D:\ufs\projects\briffini_app\android\\gradle\wrapper\gradle-wrapper.jar
PATH=C:\Program Files\Java\jdk-17\bin;D:\flutter\bin\;C:\Program Files\OpenLogic\jdk-11.0.23.9-hotspot\bin;C:\Program Files\Common Files\Oracle\Java\javapath;C:\Python311\Scripts\;C:\Python311\;C:\Program Files (x86)\Common Files\Intel\Shared Libraries\redist\intel64\compiler;C:\WINDOWS\system32;C:\WINDOWS;C:\WINDOWS\System32\Wbem;C:\WINDOWS\System32\WindowsPowerShell\v1.0\;C:\WINDOWS\System32\OpenSSH\;C:\ProgramData\chocolatey\bin;C:\Program Files\Git\cmd;C:\Users\USER\AppData\Roaming\nvm;C:\Program Files\nodejs;C:\Program Files\nodejs\;C:\Program Files\Android\Android Studio\bin;D:\flutter\bin;C:\Users\USER\AppData\Local\Android\Sdk\platform-tools;C:\Users\USER\AppData\Local\Microsoft\WindowsApps;C:\Users\USER\AppData\Local\Programs\Microsoft VS Code\bin;C:\Program Files\Git\bin;C:\Program Files\Git\cmd;C:\Users\USER\AppData\Roaming\nvm;C:\Program Files\nodejs;C:\Users\USER\AppData\Roaming\npm;C:\Users\USER\AppData\Local\Pub\Cache\bin;C:\Program Files\Java\jdk-17\bin;C:\Program Files\Android\Android Studio\bin;D:\flutter\bin;C:\Users\USER\AppData\Local\Android\Sdk\platform-tools;D:\flutter\bin\mingit\cmd
USERNAME=USER
LANG=en_US.UTF-8
OS=Windows_NT
PROCESSOR_IDENTIFIER=Intel64 Family 6 Model 165 Stepping 3, GenuineIntel



---------------  S Y S T E M  ---------------

OS:
 Windows 11 , 64 bit Build 22621 (10.0.22621.3958)
OS uptime: 8 days 22:05 hours
Hyper-V role detected

CPU: total 8 (initial active 8) (4 cores per cpu, 2 threads per core) family 6 model 165 stepping 3 microcode 0xea, cx8, cmov, fxsr, ht, mmx, 3dnowpref, sse, sse2, sse3, ssse3, sse4.1, sse4.2, popcnt, lzcnt, tsc, tscinvbit, avx, avx2, aes, erms, clmul, bmi1, bmi2, adx, fma, vzeroupper, clflush, clflushopt, hv

Memory: 4k page, system-wide physical 16165M (825M free)
TotalPageFile size 28954M (AvailPageFile size 2M)
current process WorkingSet (physical memory assigned to process): 89M, peak: 92M
current process commit charge ("private bytes"): 360M, peak: 364M

vm_info: Java HotSpot(TM) 64-Bit Server VM (17.0.11+7-LTS-207) for windows-amd64 JRE (17.0.11+7-LTS-207), built on Mar 11 2024 19:01:50 by "mach5one" with MS VC++ 17.6 (VS2022)

END.
